::1 - GET /api/public/test HTTP/1.1 200 25 - 4.964 ms
::1 - GET /api/public/test HTTP/1.1 304 - - 5.776 ms
::1 - GET /api/public/test HTTP/1.1 304 - - 11.602 ms
::1 - GET /api/public/test HTTP/1.1 304 - - 7.160 ms
::1 - GET /api/public/test HTTP/1.1 304 - - 6.406 ms
::1 - GET /api/public/test HTTP/1.1 304 - - 6.798 ms
::ffff:127.0.0.1 - GET /api/public/test HTTP/1.1 200 25 - 5.780 ms
::ffff:127.0.0.1 - GET /api/public/test HTTP/1.1 304 - - 0.900 ms
::1 - GET /api/public/test HTTP/1.1 304 - - 0.737 ms
::1 - GET /api/public/test HTTP/1.1 304 - - 6.370 ms
::1 - GET /api/public/test HTTP/1.1 304 - - 4.020 ms
::1 - GET /api/public/test HTTP/1.1 304 - - 4.006 ms
::1 - GET /api/public/test HTTP/1.1 304 - - 4.991 ms
::1 - GET /api/public/test HTTP/1.1 304 - - 0.510 ms
::1 - GET /api/public/test HTTP/1.1 304 - - 9.686 ms
::1 - GET /api/public/test HTTP/1.1 304 - - 4.252 ms
::1 - GET /api/public/test HTTP/1.1 304 - - 4.523 ms
::1 - GET /api/public/test HTTP/1.1 304 - - 4.077 ms
::1 - GET /api/public/test HTTP/1.1 304 - - 4.249 ms
::1 - GET /api/public/test HTTP/1.1 304 - - 5.424 ms
::ffff:127.0.0.1 - POST /public/user_login HTTP/1.1 404 157 - 6.577 ms
::1 - POST /api/public/user_login HTTP/1.1 200 62 - 3.786 ms
::1 - POST /api/public/user_login HTTP/1.1 200 62 - 0.786 ms
::1 - POST /api/public/user_login HTTP/1.1 200 62 - 8.488 ms
::1 - POST /api/public/user_login HTTP/1.1 200 62 - 1.065 ms
::1 - POST /api/public/user_login HTTP/1.1 200 272 - 61.746 ms
::1 - POST /api/public/user_login HTTP/1.1 200 272 - 212.553 ms
::1 - POST /api/user/user_list HTTP/1.1 200 30 - 12.938 ms
::1 - POST /api/user/user_list HTTP/1.1 200 30 - 1.065 ms
::1 - POST /api/user/user_list HTTP/1.1 200 30 - 0.798 ms
::1 - POST /api/user/user_list HTTP/1.1 200 30 - 0.562 ms
::1 - POST /api/user/user_list HTTP/1.1 200 30 - 0.636 ms
::1 - POST /api/public/user_login HTTP/1.1 200 272 - 219.057 ms
::1 - POST /api/user/user_list HTTP/1.1 200 30 - 0.712 ms
::1 - POST /api/user/user_list HTTP/1.1 200 30 - 1.704 ms
::1 - POST /api/user/user_list HTTP/1.1 200 30 - 4.192 ms
::1 - POST /api/user/user_list HTTP/1.1 200 30 - 0.560 ms
::1 - POST /api/user/user_list HTTP/1.1 200 30 - 0.638 ms
::1 - POST /api/public/user_login HTTP/1.1 200 272 - 233.100 ms
::1 - POST /api/user/user_list HTTP/1.1 200 30 - 0.606 ms
::1 - POST /api/public/user_login HTTP/1.1 200 272 - 191.618 ms
::1 - POST /api/user/user_list HTTP/1.1 200 30 - 0.659 ms
::1 - POST /api/user/user_list HTTP/1.1 200 30 - 0.510 ms
::1 - POST /api/public/user_login HTTP/1.1 200 272 - 184.297 ms
::1 - POST /api/user/user_list HTTP/1.1 200 30 - 0.674 ms
::1 - POST /api/public/user_login HTTP/1.1 200 272 - 267.211 ms
::1 - POST /api/user/user_list HTTP/1.1 200 30 - 1.971 ms
::1 - POST /api/public/user_login HTTP/1.1 200 272 - 236.616 ms
::1 - POST /api/user/user_list HTTP/1.1 200 30 - 5.502 ms
::1 - POST /api/public/user_login HTTP/1.1 - - - - ms
::1 - POST /api/public/user_login HTTP/1.1 200 272 - 215.680 ms
::1 - POST /api/user/user_list HTTP/1.1 200 30 - 0.817 ms
::1 - GET /api/public/test HTTP/1.1 304 - - 7.573 ms
::1 - GET /favicon.ico HTTP/1.1 404 150 - 0.990 ms
::1 - POST /api/public/user_login HTTP/1.1 200 272 - 234.444 ms
::1 - GET /api/public/test HTTP/1.1 304 - - 1.979 ms
::1 - GET /api/public/test HTTP/1.1 304 - - 1.083 ms
::1 - GET /api/public/test HTTP/1.1 200 53 - 4.957 ms
::1 - GET /api/public/test HTTP/1.1 304 - - 0.722 ms
::1 - GET /api/public/test HTTP/1.1 304 - - 1.089 ms
::1 - GET /api/public/test HTTP/1.1 304 - - 1.899 ms
::1 - GET /api/public/test HTTP/1.1 304 - - 0.720 ms
::1 - GET /api/public/test HTTP/1.1 304 - - 0.304 ms
::1 - GET /api/public/test HTTP/1.1 304 - - 0.775 ms
::1 - GET /api/public/test HTTP/1.1 304 - - 1.171 ms
::1 - GET /api/public/test HTTP/1.1 304 - - 0.306 ms
::1 - GET /api/public/test HTTP/1.1 304 - - 0.301 ms
::1 - GET /api/public/test HTTP/1.1 304 - - 5.885 ms
::1 - GET /api/public/test HTTP/1.1 304 - - 0.559 ms
::1 - GET /api/public/test HTTP/1.1 304 - - 0.558 ms
::1 - GET /api/public/test HTTP/1.1 200 53 - 0.790 ms
::1 - GET /api/public/test HTTP/1.1 304 - - 0.836 ms
::1 - GET /api/public/test HTTP/1.1 200 53 - 0.770 ms
::1 - GET /api/public/test HTTP/1.1 200 53 - 1.084 ms
::1 - GET /api/public/test HTTP/1.1 304 - - 13.322 ms
::1 - GET /api/public/test HTTP/1.1 304 - - 1.018 ms
::1 - GET /api/public/test HTTP/1.1 304 - - 1.513 ms
::1 - GET /api/public/test HTTP/1.1 304 - - 0.293 ms
::1 - GET /api/public/test HTTP/1.1 304 - - 0.324 ms
::1 - GET /api/public/test HTTP/1.1 304 - - 0.348 ms
::1 - GET /api/public/test HTTP/1.1 304 - - 2.096 ms
::1 - GET /api/public/test HTTP/1.1 200 78 - 20.832 ms
::1 - GET /api/public/test HTTP/1.1 304 - - 5.647 ms
::1 - POST /api/user/user_list HTTP/1.1 200 30 - 9.450 ms
::1 - GET /api/public/test HTTP/1.1 304 - - 6.521 ms
::1 - POST /api/public/user_login HTTP/1.1 200 272 - 255.734 ms
::1 - GET /api/public/test HTTP/1.1 304 - - 0.501 ms
::1 - GET /api/public/test HTTP/1.1 304 - - 0.367 ms
::1 - GET /api/public/test HTTP/1.1 304 - - 8.312 ms
::1 - GET /api/public/test HTTP/1.1 304 - - 1.130 ms
::1 - GET /api/public/test2 HTTP/1.1 200 78 - 0.421 ms
::1 - GET /api/public/test HTTP/1.1 304 - - 1.220 ms
::1 - GET /api/public/test HTTP/1.1 304 - - 10.984 ms
::1 - GET /api/user/test HTTP/1.1 200 78 - 0.998 ms
::1 - GET /api/user/test HTTP/1.1 304 - - 0.644 ms
::1 - POST /api/user/user_list HTTP/1.1 200 30 - 5.618 ms
::1 - POST /api/public/user_login HTTP/1.1 200 272 - 222.377 ms
::1 - POST /api/user/user_list HTTP/1.1 200 30 - 2.042 ms
::1 - POST /api/public/user_login HTTP/1.1 200 272 - 246.784 ms
::1 - POST /api/user/user_list HTTP/1.1 404 158 - 2.110 ms
::1 - POST /api/user/user_list HTTP/1.1 404 158 - 2.406 ms
::1 - POST /api/user/user_list HTTP/1.1 404 158 - 0.904 ms
::1 - POST /api/user/user_list HTTP/1.1 404 158 - 5.706 ms
::1 - POST /api/user/user_list HTTP/1.1 404 158 - 4.475 ms
::1 - POST /api/user/list_user HTTP/1.1 200 253 - 196.459 ms
::1 - POST /api/user/list_user HTTP/1.1 200 253 - 203.035 ms
::1 - POST /api/user/list_user HTTP/1.1 200 253 - 50.290 ms
::1 - POST /api/user/list_user HTTP/1.1 200 253 - 214.489 ms
::1 - POST /api/user/list_user HTTP/1.1 200 253 - 201.850 ms
::1 - POST /api/user/list_user HTTP/1.1 200 253 - 43.257 ms
::1 - POST /api/user/list_user HTTP/1.1 200 253 - 40.903 ms
::1 - POST /api/user/list_user HTTP/1.1 200 253 - 217.390 ms
::1 - POST /api/user/list_user HTTP/1.1 200 253 - 185.570 ms
::1 - POST /api/user/list_user HTTP/1.1 200 253 - 40.727 ms
::1 - POST /api/user/list_user HTTP/1.1 200 253 - 185.613 ms
::1 - POST /api/user/list_user HTTP/1.1 200 253 - 219.672 ms
::1 - GET /apidoc/index.html HTTP/1.1 404 156 - 6.088 ms
::1 - POST /api/user/list_user HTTP/1.1 200 30 - 10.388 ms
::1 - POST /api/public/user_login HTTP/1.1 200 272 - 196.896 ms
::1 - POST /api/user/list_user HTTP/1.1 200 62 - 2.473 ms
::1 - POST /api/user/list_user HTTP/1.1 200 62 - 1.682 ms
::1 - POST /api/user/list_user HTTP/1.1 200 62 - 3.568 ms
::1 - POST /api/user/list_user HTTP/1.1 200 62 - 9.694 ms
::1 - POST /api/user/list_user HTTP/1.1 200 62 - 9.093 ms
::1 - POST /api/user/list_user HTTP/1.1 200 62 - 16.079 ms
::1 - POST /api/user/list_user HTTP/1.1 200 253 - 61.883 ms
::1 - POST /api/user/list_user HTTP/1.1 200 253 - 199.994 ms
::1 - POST /api/user/list_user HTTP/1.1 200 253 - 43.628 ms
::1 - POST /api/user/list_user HTTP/1.1 200 253 - 204.239 ms
::1 - POST /api/user/list_user HTTP/1.1 200 253 - 212.950 ms
::1 - POST /api/user/list_user HTTP/1.1 200 253 - 192.889 ms
::1 - POST /api/user/list_user HTTP/1.1 200 253 - 204.165 ms
::1 - POST /api/user/list_user HTTP/1.1 200 253 - 194.624 ms
::1 - POST /api/user/list_user HTTP/1.1 200 253 - 212.024 ms
::1 - POST /api/user/list_user HTTP/1.1 200 253 - 50.040 ms
::1 - POST /api/user/list_user HTTP/1.1 200 253 - 206.838 ms
::1 - POST /api/user/list_user HTTP/1.1 200 253 - 219.272 ms
::1 - POST /api/user/list_user HTTP/1.1 200 253 - 217.034 ms
::1 - POST /api/user/list_user HTTP/1.1 200 253 - 42.970 ms
::1 - POST /api/user/list_user HTTP/1.1 200 253 - 220.776 ms
::1 - POST /api/user/list_user HTTP/1.1 200 253 - 224.400 ms
::1 - POST /api/user/list_user HTTP/1.1 200 253 - 220.857 ms
::1 - POST /api/user/list_user HTTP/1.1 200 253 - 231.668 ms
::1 - POST /api/user/list_user HTTP/1.1 200 253 - 226.035 ms
::1 - OPTIONS /api/upload HTTP/1.1 200 30 - 3.688 ms
::1 - POST /api/user/list_user HTTP/1.1 200 253 - 216.768 ms
::1 - POST /api/user/list_user HTTP/1.1 200 253 - 205.123 ms
::1 - OPTIONS /api/upload HTTP/1.1 200 30 - 8.046 ms
::1 - POST /api/user/list_user HTTP/1.1 200 253 - 60.950 ms
::1 - OPTIONS /api/upload/fileupload HTTP/1.1 200 30 - 3.683 ms
::1 - POST /api/upload/fileupload HTTP/1.1 200 30 - 5.773 ms
::1 - POST /api/user/list_user HTTP/1.1 200 253 - 59.817 ms
::1 - OPTIONS /api/upload/fileupload HTTP/1.1 200 30 - 3.830 ms
::1 - POST /api/upload/fileupload HTTP/1.1 200 30 - 5.411 ms
::1 - POST /api/user/list_user HTTP/1.1 200 253 - 53.616 ms
::1 - OPTIONS /api/upload/fileupload HTTP/1.1 200 30 - 3.743 ms
::1 - POST /api/upload/fileupload HTTP/1.1 200 30 - 6.249 ms
::1 - POST /api/user/list_user HTTP/1.1 200 253 - 231.201 ms
::1 - OPTIONS /api/upload/fileupload HTTP/1.1 200 30 - 2.247 ms
::1 - POST /api/upload/fileupload HTTP/1.1 200 30 - 2.909 ms
::1 - POST /api/user/list_user HTTP/1.1 200 253 - 201.511 ms
::1 - OPTIONS /api/upload/fileupload HTTP/1.1 200 30 - 2.111 ms
::1 - POST /api/user/list_user HTTP/1.1 200 253 - 234.237 ms
::1 - OPTIONS /api/upload/fileupload HTTP/1.1 200 30 - 1.792 ms
::1 - POST /api/user/list_user HTTP/1.1 200 253 - 224.037 ms
::1 - OPTIONS /api/upload/fileupload HTTP/1.1 200 30 - 4.972 ms
::1 - POST /api/user/list_user HTTP/1.1 200 253 - 61.942 ms
::1 - OPTIONS /api/upload/fileupload HTTP/1.1 200 30 - 3.579 ms
::1 - OPTIONS /api/upload/fileupload HTTP/1.1 200 30 - 14.273 ms
::1 - POST /api/upload/fileupload HTTP/1.1 500 978 - 25.625 ms
::1 - POST /api/user/list_user HTTP/1.1 200 253 - 64.760 ms
::1 - OPTIONS /api/upload/fileupload HTTP/1.1 200 30 - 8.621 ms
::1 - POST /api/upload/fileupload HTTP/1.1 200 92 - 18.704 ms
::1 - POST /api/user/list_user HTTP/1.1 200 253 - 213.365 ms
::1 - OPTIONS /api/upload/fileupload HTTP/1.1 200 30 - 8.086 ms
::1 - POST /api/upload/fileupload HTTP/1.1 200 72 - 13.077 ms
::1 - POST /api/user/list_user HTTP/1.1 200 253 - 276.290 ms
::1 - OPTIONS /api/upload/fileupload HTTP/1.1 200 30 - 9.522 ms
::1 - POST /api/upload/fileupload HTTP/1.1 200 101 - 16.505 ms
::1 - GET /upload//2018-04-14/1523689339580.jpg HTTP/1.1 404 175 - 2.395 ms
::1 - GET /2018-04-14/1523689339580.jpg HTTP/1.1 404 167 - 0.403 ms
::1 - GET /2018-04-14/1523689339580.jpg HTTP/1.1 404 167 - 0.331 ms
::1 - GET /2018-04-14/1523689339580.jpg HTTP/1.1 404 167 - 2.890 ms
::1 - GET /upload//2018-04-14/1523689339580.jpg HTTP/1.1 200 26681 - 3.594 ms
::1 - POST /api/user/list_user HTTP/1.1 200 253 - 220.371 ms
::1 - POST /api/user/list_user HTTP/1.1 200 253 - 193.589 ms
::1 - OPTIONS /api/upload/fileupload HTTP/1.1 200 30 - 3.410 ms
::1 - POST /api/upload/fileupload HTTP/1.1 200 101 - 13.594 ms
::1 - POST /api/user/list_user HTTP/1.1 200 253 - 215.277 ms
::1 - OPTIONS /api/upload/fileupload HTTP/1.1 200 30 - 7.077 ms
::1 - POST /api/upload/fileupload HTTP/1.1 200 101 - 4.987 ms
::1 - OPTIONS /api/upload/fileupload HTTP/1.1 200 30 - 1.763 ms
::1 - POST /api/upload/fileupload HTTP/1.1 200 101 - 6.687 ms
::1 - POST /api/user/list_user HTTP/1.1 200 253 - 237.268 ms
::1 - OPTIONS /api/upload/fileupload HTTP/1.1 200 30 - 8.455 ms
::1 - POST /api/upload/fileupload HTTP/1.1 200 101 - 4.815 ms
::1 - POST /api/user/list_user HTTP/1.1 200 253 - 208.027 ms
::1 - OPTIONS /api/upload/fileupload HTTP/1.1 200 30 - 2.110 ms
::1 - POST /api/upload/fileupload HTTP/1.1 200 101 - 6.620 ms
::1 - GET /upload//2018-04-14/1523689915403.jpg HTTP/1.1 200 26681 - 1.606 ms
::1 - POST /api/user/list_user HTTP/1.1 200 253 - 209.829 ms
::1 - OPTIONS /api/upload/fileupload HTTP/1.1 200 30 - 1.330 ms
::1 - POST /api/upload/fileupload HTTP/1.1 200 101 - 7.880 ms
::1 - GET /upload//2018-04-14/1523689952178.jpg HTTP/1.1 200 26681 - 1.985 ms
::1 - POST /api/user/list_user HTTP/1.1 200 253 - 226.087 ms
::1 - OPTIONS /api/upload/fileupload HTTP/1.1 200 30 - 1.871 ms
::1 - POST /api/upload/fileupload HTTP/1.1 200 101 - 9.973 ms
::1 - GET /upload//2018-04-14/1523690084977.jpg HTTP/1.1 200 26681 - 0.589 ms
::1 - POST /api/user/list_user HTTP/1.1 200 253 - 265.485 ms
::1 - OPTIONS /api/upload/fileupload HTTP/1.1 200 30 - 4.064 ms
::1 - POST /api/upload/fileupload HTTP/1.1 200 101 - 3.995 ms
::1 - GET /upload//2018-04-14/1523690105109.jpg HTTP/1.1 200 16785 - 0.537 ms
::1 - POST /api/user/list_user HTTP/1.1 200 253 - 236.489 ms
::1 - POST /api/user/list_user HTTP/1.1 200 253 - 201.578 ms
::1 - OPTIONS /api/upload/fileupload HTTP/1.1 200 30 - 1.809 ms
::1 - POST /api/upload/fileupload HTTP/1.1 200 101 - 4.649 ms
::1 - GET /upload//2018-04-14/1523690365504.jpg HTTP/1.1 200 26681 - 0.551 ms
::1 - POST /api/user/list_user HTTP/1.1 200 253 - 55.877 ms
::1 - POST /api/user/list_user HTTP/1.1 200 253 - 70.636 ms
::1 - OPTIONS /api/upload/fileupload HTTP/1.1 200 30 - 9.856 ms
::1 - POST /api/upload/fileupload HTTP/1.1 200 101 - 9.745 ms
::1 - GET /upload//2018-04-14/1523691084593.jpg HTTP/1.1 200 16785 - 5.213 ms
::1 - POST /api/user/save_user HTTP/1.1 200 116 - 5.472 ms
::1 - POST /api/user/save_user HTTP/1.1 200 116 - 9.444 ms
::1 - POST /api/user/save_user HTTP/1.1 200 116 - 11.014 ms
::1 - POST /api/user/save_user HTTP/1.1 200 116 - 11.846 ms
::1 - POST /api/user/save_user HTTP/1.1 200 106 - 7.555 ms
::1 - POST /api/user/save_user HTTP/1.1 - - - - ms
::1 - POST /api/user/save_user HTTP/1.1 - - - - ms
::1 - POST /api/user/save_user HTTP/1.1 200 55 - 14.596 ms
::1 - POST /api/user/save_user HTTP/1.1 200 55 - 10.041 ms
::1 - POST /api/user/list_user HTTP/1.1 200 62 - 3.247 ms
::1 - POST /api/user/list_user HTTP/1.1 200 62 - 9.180 ms
::1 - OPTIONS /api/upload/fileupload HTTP/1.1 200 30 - 4.069 ms
::1 - POST /api/upload/fileupload HTTP/1.1 200 101 - 17.006 ms
::1 - GET /upload//2018-04-14/1523692358776.jpg HTTP/1.1 200 17938 - 4.146 ms
::1 - POST /api/user/save_user HTTP/1.1 200 55 - 7.561 ms
::1 - POST /api/user/save_user HTTP/1.1 200 55 - 14.383 ms
::1 - POST /api/user/save_user HTTP/1.1 200 33 - 173.178 ms
::1 - POST /api/user/list_user HTTP/1.1 200 62 - 4.620 ms
::1 - POST /api/user/list_user HTTP/1.1 200 62 - 1.783 ms
::1 - POST /api/user/list_user HTTP/1.1 200 474 - 62.632 ms
::1 - POST /api/user/list_user HTTP/1.1 200 474 - 258.402 ms
::1 - POST /api/user/list_user HTTP/1.1 200 474 - 211.677 ms
::1 - POST /api/user/list_user HTTP/1.1 200 474 - 45.914 ms
::1 - POST /api/user/list_user HTTP/1.1 200 474 - 198.895 ms
::1 - OPTIONS /api/upload/fileupload HTTP/1.1 200 30 - 7.004 ms
::1 - POST /api/upload/fileupload HTTP/1.1 200 101 - 23.838 ms
::1 - GET /upload//2018-04-14/1523693144357.jpg HTTP/1.1 200 26681 - 5.594 ms
::1 - POST /api/user/save_user HTTP/1.1 200 33 - 331.619 ms
::1 - POST /api/user/list_user HTTP/1.1 200 702 - 57.849 ms
::1 - POST /api/user/list_user HTTP/1.1 200 702 - 58.775 ms
::1 - POST /api/user/list_user HTTP/1.1 200 253 - 69.677 ms
::1 - OPTIONS /api/upload/fileupload HTTP/1.1 200 30 - 5.344 ms
::1 - POST /api/upload/fileupload HTTP/1.1 200 101 - 20.463 ms
::1 - GET /upload//2018-04-14/1523693736912.jpg HTTP/1.1 200 26681 - 3.444 ms
::1 - POST /api/user/save_user HTTP/1.1 200 60 - 4.332 ms
::1 - POST /api/user/save_user HTTP/1.1 200 33 - 204.795 ms
::1 - POST /api/user/list_user HTTP/1.1 200 498 - 65.118 ms
::1 - POST /api/user/list_user HTTP/1.1 200 498 - 204.986 ms
::1 - POST /api/user/list_user HTTP/1.1 200 498 - 200.965 ms
::1 - POST /api/user/list_user HTTP/1.1 200 253 - 59.700 ms
::1 - POST /api/user/del_user HTTP/1.1 200 33 - 228.412 ms
::1 - POST /api/user/list_user HTTP/1.1 200 22 - 49.625 ms
::1 - POST /api/user/list_user HTTP/1.1 200 22 - 227.872 ms
::1 - POST /api/user/list_user HTTP/1.1 200 189 - 32.455 ms
::1 - OPTIONS /api/upload/fileupload HTTP/1.1 200 30 - 3.362 ms
::1 - POST /api/upload/fileupload HTTP/1.1 200 101 - 12.924 ms
::1 - GET /upload//2018-04-14/1523695505461.jpg HTTP/1.1 200 20108 - 3.710 ms
::1 - POST /api/user/list_user HTTP/1.1 200 189 - 4.395 ms
::1 - OPTIONS /api/upload/fileupload HTTP/1.1 200 30 - 5.049 ms
::1 - POST /api/upload/fileupload HTTP/1.1 200 101 - 8.339 ms
::1 - GET /upload//2018-04-14/1523695752440.jpg HTTP/1.1 200 16785 - 0.749 ms
::1 - POST /api/user/list_user HTTP/1.1 200 189 - 3.873 ms
::1 - OPTIONS /api/upload/fileupload HTTP/1.1 200 30 - 3.484 ms
::1 - POST /api/upload/fileupload HTTP/1.1 200 101 - 4.914 ms
::1 - GET /upload//2018-04-14/1523695874818.jpg HTTP/1.1 200 26681 - 0.649 ms
::1 - POST /api/user/list_user HTTP/1.1 200 41 - 238.407 ms
::1 - POST /api/user/list_user HTTP/1.1 200 41 - 274.082 ms
::1 - POST /api/user/list_user HTTP/1.1 200 41 - 59.629 ms
::1 - OPTIONS /api/upload/fileupload HTTP/1.1 200 30 - 6.287 ms
::1 - POST /api/upload/fileupload HTTP/1.1 200 101 - 13.744 ms
::1 - GET /upload//2018-04-14/1523696205470.jpg HTTP/1.1 200 16785 - 2.553 ms
::1 - POST /api/user/list_user HTTP/1.1 200 41 - 233.526 ms
::1 - OPTIONS /api/upload/fileupload HTTP/1.1 200 30 - 7.498 ms
::1 - POST /api/upload/fileupload HTTP/1.1 200 101 - 10.872 ms
::1 - GET /upload//2018-04-14/1523696314662.jpg HTTP/1.1 200 26681 - 2.081 ms
::1 - POST /api/user/list_user HTTP/1.1 200 41 - 234.187 ms
::1 - POST /api/user/list_user HTTP/1.1 200 41 - 231.283 ms
::1 - POST /api/user/list_user HTTP/1.1 200 41 - 234.368 ms
::1 - POST /api/user/list_user HTTP/1.1 200 41 - 200.692 ms
::1 - POST /api/user/save_user HTTP/1.1 200 124 - 2.743 ms
::1 - POST /api/user/list_user HTTP/1.1 200 41 - 230.599 ms
::1 - OPTIONS /api/upload/fileupload HTTP/1.1 200 30 - 2.763 ms
::1 - POST /api/upload/fileupload HTTP/1.1 200 101 - 8.013 ms
::1 - GET /upload//2018-04-14/1523696591213.jpg HTTP/1.1 200 26681 - 0.352 ms
::1 - POST /api/user/save_user HTTP/1.1 200 33 - 314.721 ms
::1 - POST /api/user/list_user HTTP/1.1 200 813 - 62.235 ms
::1 - POST /api/user/list_user HTTP/1.1 200 813 - 247.039 ms
::1 - POST /api/user/list_user HTTP/1.1 200 813 - 208.402 ms
::1 - POST /api/user/list_user HTTP/1.1 200 813 - 237.260 ms
::1 - POST /api/user/list_user HTTP/1.1 200 813 - 241.861 ms
